<?xml version="1.0" encoding="UTF-8"?>
<!-- Generated by org.testng.reporters.JUnitReportReporter -->
<testsuite hostname="DESKTOP-1JE7HBS" failures="0" tests="1" name="testcases.VerifyLoginTestCases" time="10.042" errors="0" timestamp="2024-05-03T18:34:33 IST" skipped="0">
  <testcase classname="testcases.VerifyLoginTestCases" name="verifyLoginwithvalidData" time="10.042"/>
  <system-out/>
</testsuite> <!-- testcases.VerifyLoginTestCases -->
