<?xml version="1.0" encoding="UTF-8"?>
<!-- Generated by org.testng.reporters.JUnitReportReporter -->
<testsuite hostname="DESKTOP-1JE7HBS" failures="0" tests="1" name="testcases.VerifyRegiestrationTestCases" time="21.469" errors="0" timestamp="2024-04-28T23:52:11 IST" skipped="0">
  <testcase classname="testcases.VerifyRegiestrationTestCases" name="VerifyRegiestrationWithValidData" time="21.469"/>
  <system-out/>
</testsuite> <!-- testcases.VerifyRegiestrationTestCases -->
