<?xml version="1.0" encoding="UTF-8"?>
<!-- Generated by org.testng.reporters.JUnitReportReporter -->
<testsuite hostname="DESKTOP-1JE7HBS" failures="0" tests="1" name="testcases.VerifyRegiestrationTestCases" time="28.002" errors="0" timestamp="2024-05-03T07:07:10 IST" skipped="0">
  <testcase classname="testcases.VerifyRegiestrationTestCases" name="VerifyRegiestrationWithValidData" time="28.002"/>
  <system-out/>
</testsuite> <!-- testcases.VerifyRegiestrationTestCases -->
