<?xml version="1.0" encoding="UTF-8"?>
<!-- Generated by org.testng.reporters.JUnitReportReporter -->
<testsuite hostname="DESKTOP-1JE7HBS" failures="0" tests="1" name="testcases.VerifyLoginTestCases" time="15.622" errors="0" timestamp="2024-04-28T23:52:11 IST" skipped="0">
  <testcase classname="testcases.VerifyLoginTestCases" name="verifyLoginwithvalidData" time="15.622"/>
  <system-out/>
</testsuite> <!-- testcases.VerifyLoginTestCases -->
